<?xml version="1.0" encoding="UTF-8"?>
<testsuite xmlns:xsi="http://www.w3.org/2001/XMLSchema-instance" xsi:noNamespaceSchemaLocation="https://maven.apache.org/surefire/maven-surefire-plugin/xsd/surefire-test-report-3.0.xsd" version="3.0" name="TestSuite" time="5.862" tests="4" errors="0" skipped="0" failures="0">
  <properties>
    <property name="sun.desktop" value="windows"/>
    <property name="awt.toolkit" value="sun.awt.windows.WToolkit"/>
    <property name="file.encoding.pkg" value="sun.io"/>
    <property name="java.specification.version" value="1.8"/>
    <property name="sun.jnu.encoding" value="Cp1252"/>
    <property name="java.class.path" value="C:\Users\bijjas2\eclipse-workspace\APIAutomationAssignment-master\target\test-classes;C:\Users\bijjas2\eclipse-workspace\APIAutomationAssignment-master\target\classes;C:\Users\bijjas2\.m2\repository\org\testng\testng\7.0.0\testng-7.0.0.jar;C:\Users\bijjas2\.m2\repository\com\beust\jcommander\1.72\jcommander-1.72.jar;C:\Users\bijjas2\.m2\repository\io\rest-assured\rest-assured\4.3.0\rest-assured-4.3.0.jar;C:\Users\bijjas2\.m2\repository\org\codehaus\groovy\groovy\3.0.2\groovy-3.0.2.jar;C:\Users\bijjas2\.m2\repository\org\codehaus\groovy\groovy-xml\3.0.2\groovy-xml-3.0.2.jar;C:\Users\bijjas2\.m2\repository\org\apache\httpcomponents\httpclient\4.5.3\httpclient-4.5.3.jar;C:\Users\bijjas2\.m2\repository\org\apache\httpcomponents\httpcore\4.4.6\httpcore-4.4.6.jar;C:\Users\bijjas2\.m2\repository\commons-logging\commons-logging\1.2\commons-logging-1.2.jar;C:\Users\bijjas2\.m2\repository\commons-codec\commons-codec\1.9\commons-codec-1.9.jar;C:\Users\bijjas2\.m2\repository\org\apache\httpcomponents\httpmime\4.5.3\httpmime-4.5.3.jar;C:\Users\bijjas2\.m2\repository\org\hamcrest\hamcrest\2.1\hamcrest-2.1.jar;C:\Users\bijjas2\.m2\repository\org\ccil\cowan\tagsoup\tagsoup\1.2.1\tagsoup-1.2.1.jar;C:\Users\bijjas2\.m2\repository\io\rest-assured\json-path\4.3.0\json-path-4.3.0.jar;C:\Users\bijjas2\.m2\repository\org\codehaus\groovy\groovy-json\3.0.2\groovy-json-3.0.2.jar;C:\Users\bijjas2\.m2\repository\io\rest-assured\rest-assured-common\4.3.0\rest-assured-common-4.3.0.jar;C:\Users\bijjas2\.m2\repository\io\rest-assured\xml-path\4.3.0\xml-path-4.3.0.jar;C:\Users\bijjas2\.m2\repository\org\apache\commons\commons-lang3\3.4\commons-lang3-3.4.jar;C:\Users\bijjas2\.m2\repository\jakarta\xml\bind\jakarta.xml.bind-api\2.3.2\jakarta.xml.bind-api-2.3.2.jar;C:\Users\bijjas2\.m2\repository\jakarta\activation\jakarta.activation-api\1.2.1\jakarta.activation-api-1.2.1.jar;C:\Users\bijjas2\.m2\repository\com\sun\xml\bind\jaxb-osgi\2.3.0.1\jaxb-osgi-2.3.0.1.jar;C:\Users\bijjas2\.m2\repository\org\apache\sling\org.apache.sling.javax.activation\0.1.0\org.apache.sling.javax.activation-0.1.0.jar;C:\Users\bijjas2\.m2\repository\javax\activation\activation\1.1.1\activation-1.1.1.jar;"/>
    <property name="java.vm.vendor" value="IBM Corporation"/>
    <property name="com.ibm.zero.version" value="2"/>
    <property name="sun.arch.data.model" value="64"/>
    <property name="com.ibm.vm.bitmode" value="64"/>
    <property name="user.variant" value=""/>
    <property name="com.ibm.oti.vm.library.version" value="28"/>
    <property name="java.vendor.url" value="http://www.ibm.com/"/>
    <property name="user.timezone" value="America/Phoenix"/>
    <property name="os.name" value="Windows 10"/>
    <property name="java.vm.specification.version" value="1.8"/>
    <property name="sun.java.launcher" value="SUN_STANDARD"/>
    <property name="user.country" value="US"/>
    <property name="sun.boot.library.path" value="C:\Program Files\IBM\SDP\jdk\jre\bin\compressedrefs;C:\Program Files\IBM\SDP\jdk\jre\bin"/>
    <property name="sun.java.command" value="C:\Users\bijjas2\AppData\Local\Temp\surefire7597947950769563045\surefirebooter4123157877447073906.jar C:\Users\bijjas2\AppData\Local\Temp\surefire7597947950769563045 2020-06-11T09-32-39_605-jvmRun1 surefire2430231374330326032tmp surefire_05251878380918590007tmp"/>
    <property name="surefire.test.class.path" value="C:\Users\bijjas2\eclipse-workspace\APIAutomationAssignment-master\target\test-classes;C:\Users\bijjas2\eclipse-workspace\APIAutomationAssignment-master\target\classes;C:\Users\bijjas2\.m2\repository\org\testng\testng\7.0.0\testng-7.0.0.jar;C:\Users\bijjas2\.m2\repository\com\beust\jcommander\1.72\jcommander-1.72.jar;C:\Users\bijjas2\.m2\repository\io\rest-assured\rest-assured\4.3.0\rest-assured-4.3.0.jar;C:\Users\bijjas2\.m2\repository\org\codehaus\groovy\groovy\3.0.2\groovy-3.0.2.jar;C:\Users\bijjas2\.m2\repository\org\codehaus\groovy\groovy-xml\3.0.2\groovy-xml-3.0.2.jar;C:\Users\bijjas2\.m2\repository\org\apache\httpcomponents\httpclient\4.5.3\httpclient-4.5.3.jar;C:\Users\bijjas2\.m2\repository\org\apache\httpcomponents\httpcore\4.4.6\httpcore-4.4.6.jar;C:\Users\bijjas2\.m2\repository\commons-logging\commons-logging\1.2\commons-logging-1.2.jar;C:\Users\bijjas2\.m2\repository\commons-codec\commons-codec\1.9\commons-codec-1.9.jar;C:\Users\bijjas2\.m2\repository\org\apache\httpcomponents\httpmime\4.5.3\httpmime-4.5.3.jar;C:\Users\bijjas2\.m2\repository\org\hamcrest\hamcrest\2.1\hamcrest-2.1.jar;C:\Users\bijjas2\.m2\repository\org\ccil\cowan\tagsoup\tagsoup\1.2.1\tagsoup-1.2.1.jar;C:\Users\bijjas2\.m2\repository\io\rest-assured\json-path\4.3.0\json-path-4.3.0.jar;C:\Users\bijjas2\.m2\repository\org\codehaus\groovy\groovy-json\3.0.2\groovy-json-3.0.2.jar;C:\Users\bijjas2\.m2\repository\io\rest-assured\rest-assured-common\4.3.0\rest-assured-common-4.3.0.jar;C:\Users\bijjas2\.m2\repository\io\rest-assured\xml-path\4.3.0\xml-path-4.3.0.jar;C:\Users\bijjas2\.m2\repository\org\apache\commons\commons-lang3\3.4\commons-lang3-3.4.jar;C:\Users\bijjas2\.m2\repository\jakarta\xml\bind\jakarta.xml.bind-api\2.3.2\jakarta.xml.bind-api-2.3.2.jar;C:\Users\bijjas2\.m2\repository\jakarta\activation\jakarta.activation-api\1.2.1\jakarta.activation-api-1.2.1.jar;C:\Users\bijjas2\.m2\repository\com\sun\xml\bind\jaxb-osgi\2.3.0.1\jaxb-osgi-2.3.0.1.jar;C:\Users\bijjas2\.m2\repository\org\apache\sling\org.apache.sling.javax.activation\0.1.0\org.apache.sling.javax.activation-0.1.0.jar;C:\Users\bijjas2\.m2\repository\javax\activation\activation\1.1.1\activation-1.1.1.jar;"/>
    <property name="com.ibm.packed.version" value="2"/>
    <property name="sun.cpu.endian" value="little"/>
    <property name="user.home" value="C:\Users\bijjas2"/>
    <property name="user.language" value="en"/>
    <property name="java.specification.vendor" value="Oracle Corporation"/>
    <property name="java.home" value="C:\Program Files\IBM\SDP\jdk\jre"/>
    <property name="ibm.signalhandling.rs" value="false"/>
    <property name="file.separator" value="\"/>
    <property name="basedir" value="C:\Users\bijjas2\eclipse-workspace\APIAutomationAssignment-master"/>
    <property name="line.separator" value="&#10;"/>
    <property name="java.vm.specification.vendor" value="Oracle Corporation"/>
    <property name="java.specification.name" value="Java Platform API Specification"/>
    <property name="java.compiler" value="j9jit28"/>
    <property name="com.ibm.util.extralibs.properties" value=""/>
    <property name="java.awt.graphicsenv" value="sun.awt.Win32GraphicsEnvironment"/>
    <property name="com.ibm.oti.configuration" value="scar"/>
    <property name="java.awt.fonts" value=""/>
    <property name="surefire.real.class.path" value="C:\Users\bijjas2\AppData\Local\Temp\surefire7597947950769563045\surefirebooter4123157877447073906.jar"/>
    <property name="com.ibm.oti.shared.enabled" value="false"/>
    <property name="sun.boot.class.path" value="C:\Program Files\IBM\SDP\jdk\jre\bin\compressedrefs\jclSC180\vm.jar;C:\Program Files\IBM\SDP\jdk\jre\lib\se-service.jar;C:\Program Files\IBM\SDP\jdk\jre\lib\cuda4j.jar;C:\Program Files\IBM\SDP\jdk\jre\lib\math.jar;C:\Program Files\IBM\SDP\jdk\jre\lib\ibmorb.jar;C:\Program Files\IBM\SDP\jdk\jre\lib\ibmorbapi.jar;C:\Program Files\IBM\SDP\jdk\jre\lib\ibmcfw.jar;C:\Program Files\IBM\SDP\jdk\jre\lib\ibmpkcs.jar;C:\Program Files\IBM\SDP\jdk\jre\lib\ibmcertpathfw.jar;C:\Program Files\IBM\SDP\jdk\jre\lib\ibmjgssfw.jar;C:\Program Files\IBM\SDP\jdk\jre\lib\ibmjssefw.jar;C:\Program Files\IBM\SDP\jdk\jre\lib\ibmsaslfw.jar;C:\Program Files\IBM\SDP\jdk\jre\lib\ibmjcefw.jar;C:\Program Files\IBM\SDP\jdk\jre\lib\ibmjgssprovider.jar;C:\Program Files\IBM\SDP\jdk\jre\lib\ibmjsseprovider2.jar;C:\Program Files\IBM\SDP\jdk\jre\lib\ibmcertpathprovider.jar;C:\Program Files\IBM\SDP\jdk\jre\lib\xmldsigfw.jar;C:\Program Files\IBM\SDP\jdk\jre\lib\xml.jar;C:\Program Files\IBM\SDP\jdk\jre\lib\charsets.jar;C:\Program Files\IBM\SDP\jdk\jre\lib\resources.jar;C:\Program Files\IBM\SDP\jdk\jre\lib\rt.jar;C:\Program Files\IBM\SDP\jdk\jre\lib\dataaccess.jar"/>
    <property name="com.ibm.oti.vm.bootstrap.library.path" value="C:\Program Files\IBM\SDP\jdk\jre\bin\compressedrefs;C:\Program Files\IBM\SDP\jdk\jre\bin"/>
    <property name="com.ibm.cpu.endian" value="little"/>
    <property name="java.fullversion" value="JRE 1.8.0 IBM J9 2.8 Windows 10 amd64-64 Compressed References 20161013_322271 (JIT enabled, AOT enabled)&#10;J9VM - R28_Java8_SR3_20161013_1635_B322271&#10;JIT  - tr.r14.java.green_20161011_125790&#10;GC   - R28_Java8_SR3_20161013_1635_B322271_CMPRSS&#10;J9CL - 20161013_322271"/>
    <property name="java.runtime.version" value="pwa6480sr3fp20-20161019_02 (SR3 FP20)"/>
    <property name="user.name" value="bijjas2"/>
    <property name="path.separator" value=";"/>
    <property name="os.version" value="10.0"/>
    <property name="java.endorsed.dirs" value="C:\Program Files\IBM\SDP\jdk\jre\lib\endorsed"/>
    <property name="java.runtime.name" value="Java(TM) SE Runtime Environment"/>
    <property name="ibm.signalhandling.sigint" value="true"/>
    <property name="file.encoding" value="Cp1252"/>
    <property name="java.vm.name" value="IBM J9 VM"/>
    <property name="ibm.signalhandling.sigchain" value="true"/>
    <property name="localRepository" value="C:\Users\bijjas2\.m2\repository"/>
    <property name="java.io.tmpdir" value="C:\Users\bijjas2\AppData\Local\Temp\"/>
    <property name="java.version" value="1.8.0"/>
    <property name="com.ibm.system.agent.path" value="C:\Program Files\IBM\SDP\jdk\jre\bin"/>
    <property name="user.dir" value="C:\Users\bijjas2\eclipse-workspace\APIAutomationAssignment-master"/>
    <property name="os.arch" value="amd64"/>
    <property name="java.vm.specification.name" value="Java Virtual Machine Specification"/>
    <property name="java.awt.printerjob" value="sun.awt.windows.WPrinterJob"/>
    <property name="os.encoding" value="UTF8"/>
    <property name="console.encoding" value="Cp437"/>
    <property name="com.ibm.oti.jcl.build" value="20161013_322271"/>
    <property name="java.library.path" value="C:\Program Files\IBM\SDP\jdk\jre\bin\compressedrefs;C:\Program Files\IBM\SDP\jdk\jre\bin;C:\WINDOWS\system32;C:\WINDOWS;C:\Ruby26-x64\bin;C:\Ruby26\bin;c:\Informatica\10.2.0\clients\tools\datadirect;c:\Informatica\10.2.0\clients\tools\odbcdrv;c:\Informatica\10.2.0\clients\tools\jdbcdrv;c:\Informatica\10.2.0\clients\tools\sharedlibs;C:\OracleWin64\12c\12.2.0.1.0\Client\bin;C:\PROGRA~1\Oracle\Client\12c\12.1.0.2.0x64_1\Client\bin;C:\WINDOWS\system32;C:\WINDOWS;C:\WINDOWS\System32\Wbem;C:\WINDOWS\System32\WindowsPowerShell\v1.0\;C:\WINDOWS\System32\OpenSSH\;C:\Program Files\1E\NomadBranch\;C:\Program Files\PuTTY\;C:\Progra~1\Java\jre1.8.0_211\bin;C:\Program Files\Git\cmd;C:\Progra~2\Java\jre1.8.0_211\bin;C:\Users\bijjas2\Downloads\Softwares\apache-jmeter-5.2.1\apache-jmeter-5.2.1\bin;c:\jruby-9.1.12.0\bin;C:\Users\bijjas2\AppData\Local\Microsoft\WindowsApps;C:\Users\bijjas2\AppData\Local\GitHubDesktop\bin;C:\Program Files\JetBrains\RubyMine 2019.2\bin;;C:\Users\bijjas2\Downloads\Softwares\apache-jmeter-5.2.1\apache-jmeter-5.2.1\bin;C:\apache-maven-3.6.3\bin;;."/>
    <property name="java.vendor" value="IBM Corporation"/>
    <property name="java.vm.info" value="JRE 1.8.0 Windows 10 amd64-64 Compressed References 20161013_322271 (JIT enabled, AOT enabled)&#10;J9VM - R28_Java8_SR3_20161013_1635_B322271&#10;JIT  - tr.r14.java.green_20161011_125790&#10;GC   - R28_Java8_SR3_20161013_1635_B322271_CMPRSS&#10;J9CL - 20161013_322271"/>
    <property name="java.vm.version" value="2.8"/>
    <property name="com.ibm.jcl.checkClassPath" value=""/>
    <property name="ibm.system.encoding" value="Cp1252"/>
    <property name="sun.io.unicode.encoding" value="UnicodeLittle"/>
    <property name="java.ext.dirs" value="C:\Program Files\IBM\SDP\jdk\jre\lib\ext"/>
    <property name="java.class.version" value="52.0"/>
  </properties>
  <testcase name="GetCityNameAndLangTest" classname="com.qa.testscripts.GetCityNameLanguageWithCode" time="3.803"/>
  <testcase name="GetCityNameAndLangFromCountryNameTest" classname="com.qa.testscripts.GetCityNameLanguageWithCountryName" time="0.391"/>
  <testcase name="validateResponseCodeInvalidCityTest" classname="com.qa.testscripts.ValidateInvalidCity" time="0.346"/>
  <testcase name="validateResponseCodeNullCityTest" classname="com.qa.testscripts.ValidateNullCity" time="0.342"/>
</testsuite>