<?xml version="1.0" encoding="UTF-8"?>
<!-- Generated by org.testng.reporters.JUnitReportReporter -->
<testsuite skipped="0" hostname="ATMECSINLT-743" name="com.qa.testscripts.ValidateInvalidCity" tests="1" failures="0" timestamp="2020-06-11T11:43:28 IST" time="8.973" errors="0">
  <testcase name="validateResponseCodeInvalidCityTest" time="8.973" classname="com.qa.testscripts.ValidateInvalidCity"/>
</testsuite> <!-- com.qa.testscripts.ValidateInvalidCity -->
