<?xml version="1.0" encoding="UTF-8"?>
<!-- Generated by org.testng.reporters.JUnitReportReporter -->
<testsuite skipped="0" hostname="NW173697" name="com.qa.testscripts.GetCityNameLanguageWithCountryName" tests="1" failures="0" timestamp="2020-06-11T09:32:46 MST" time="0.387" errors="0">
  <testcase name="GetCityNameAndLangFromCountryNameTest" time="0.387" classname="com.qa.testscripts.GetCityNameLanguageWithCountryName"/>
</testsuite> <!-- com.qa.testscripts.GetCityNameLanguageWithCountryName -->
