<?xml version="1.0" encoding="UTF-8"?>
<!-- Generated by org.testng.reporters.JUnitReportReporter -->
<testsuite skipped="0" hostname="NW173697" name="com.qa.testscripts.ValidateNullCity" tests="1" failures="0" timestamp="2020-06-11T09:32:46 MST" time="0.341" errors="0">
  <testcase name="validateResponseCodeNullCityTest" time="0.341" classname="com.qa.testscripts.ValidateNullCity"/>
</testsuite> <!-- com.qa.testscripts.ValidateNullCity -->
