<?xml version="1.0" encoding="UTF-8"?>
<!-- Generated by org.testng.reporters.JUnitReportReporter -->
<testsuite skipped="0" hostname="NW173697" name="com.qa.testscripts.ValidateInvalidCity" tests="1" failures="0" timestamp="2020-06-11T09:32:46 MST" time="0.348" errors="0">
  <testcase name="validateResponseCodeInvalidCityTest" time="0.348" classname="com.qa.testscripts.ValidateInvalidCity"/>
</testsuite> <!-- com.qa.testscripts.ValidateInvalidCity -->
