<?xml version="1.0" encoding="UTF-8"?>
<!-- Generated by org.testng.reporters.JUnitReportReporter -->
<testsuite skipped="0" hostname="NW173697" name="com.qa.testscripts.GetCityNameLanguageWithCode" tests="1" failures="0" timestamp="2020-06-11T09:32:46 MST" time="3.801" errors="0">
  <testcase name="GetCityNameAndLangTest" time="3.801" classname="com.qa.testscripts.GetCityNameLanguageWithCode"/>
</testsuite> <!-- com.qa.testscripts.GetCityNameLanguageWithCode -->
